#
# A fatal error has been detected by the Java Runtime Environment:
#
#  EXCEPTION_ACCESS_VIOLATION (0xc0000005) at pc=0x0000000064ac3772, pid=9420, tid=904
#
# JRE version: Java(TM) SE Runtime Environment (17.0.2+8) (build 17.0.2+8-LTS-86)
# Java VM: Java HotSpot(TM) 64-Bit Server VM (17.0.2+8-LTS-86, mixed mode, sharing, tiered, compressed oops, compressed class ptrs, g1 gc, windows-amd64)
# Problematic frame:
# C  [imgui-java64.dll+0xc3772]
#
# No core dump will be written. Minidumps are not enabled by default on client versions of Windows
#
# If you would like to submit a bug report, please visit:
#   https://bugreport.java.com/bugreport/crash.jsp
# The crash happened outside the Java Virtual Machine in native code.
# See problematic frame for where to report the bug.
#

---------------  S U M M A R Y ------------

Command Line: -Dfile.encoding=UTF-8 -Duser.country=VN -Duser.language=vi -Duser.variant org.example.Main

Host: 11th Gen Intel(R) Core(TM) i5-1135G7 @ 2.40GHz, 8 cores, 7G,  Windows 11 , 64 bit Build 22621 (10.0.22621.2428)
Time: Thu Oct 12 09:49:05 2023 SE Asia Standard Time elapsed time: 3.181543 seconds (0d 0h 0m 3s)

---------------  T H R E A D  ---------------

Current thread (0x000001b6a999e760):  JavaThread "main" [_thread_in_native, id=904, stack(0x0000006f6b600000,0x0000006f6b700000)]

Stack: [0x0000006f6b600000,0x0000006f6b700000],  sp=0x0000006f6b6fee50,  free space=1019k
Native frames: (J=compiled Java code, j=interpreted, Vv=VM code, C=native code)
C  [imgui-java64.dll+0xc3772]

Java frames: (J=compiled Java code, j=interpreted, Vv=VM code)
j  imgui.ImGui.button(Ljava/lang/String;)Z+0
j  org.example.jade.ImGuiLayer.buyPressed()Z+2
j  org.example.components.PlayerController.checkMuaDo()V+16
j  org.example.components.PlayerController.update(F)V+9
j  org.example.jade.GameObject.update(F)V+29
j  org.example.scenes.Scene.update(F)V+46
j  org.example.jade.Window.loop()V+171
j  org.example.jade.Window.run()V+19
j  org.example.Main.main([Ljava/lang/String;)V+13
v  ~StubRoutines::call_stub

siginfo: EXCEPTION_ACCESS_VIOLATION (0xc0000005), reading address 0x00000000000000d4


Register to memory mapping:

RIP=0x0000000064ac3772 imgui-java64.dll
RAX=0x0000000064ce8088 imgui-java64.dll
RBX=0x000001b6d2e86a80 points into unknown readable memory: 0x000001b6a79c0101 | 01 01 9c a7 b6 01 00 00
RCX=0x000001b6c8c3f100 points into unknown readable memory: 0x20616f682061754d | 4d 75 61 20 68 6f 61 20
RDX=0x0000006f6b6fef58 is pointing into the stack for thread: 0x000001b6a999e760
RSP=0x0000006f6b6fee50 is pointing into the stack for thread: 0x000001b6a999e760
RBP=0x0000006f6b6ff000 is pointing into the stack for thread: 0x000001b6a999e760
RSI=0x0 is NULL
RDI=0x000001b6b11f94fe is at code_begin+1118 in an Interpreter codelet
return entry points  [0x000001b6b11f90a0, 0x000001b6b11f9ba0]  2816 bytes
R8 =0x0 is NULL
R9 =0x0000000000000001 is an unknown value
R10=0x000001b6c8c3f10c points into unknown readable memory: 00 00 00 00
R11=0x000001b6c8c3f100 points into unknown readable memory: 0x20616f682061754d | 4d 75 61 20 68 6f 61 20
R12=0x000001b6a999ea08 points into unknown readable memory: 0x000001b6c88ce2e0 | e0 e2 8c c8 b6 01 00 00
R13=0x0000006f6b6ff020 is pointing into the stack for thread: 0x000001b6a999e760
R14=0x0000006f6b6ff020 is pointing into the stack for thread: 0x000001b6a999e760
R15=0x000001b6a999e760 is a thread


Registers:
RAX=0x0000000064ce8088, RBX=0x000001b6d2e86a80, RCX=0x000001b6c8c3f100, RDX=0x0000006f6b6fef58
RSP=0x0000006f6b6fee50, RBP=0x0000006f6b6ff000, RSI=0x0000000000000000, RDI=0x000001b6b11f94fe
R8 =0x0000000000000000, R9 =0x0000000000000001, R10=0x000001b6c8c3f10c, R11=0x000001b6c8c3f100
R12=0x000001b6a999ea08, R13=0x0000006f6b6ff020, R14=0x0000006f6b6ff020, R15=0x000001b6a999e760
RIP=0x0000000064ac3772, EFLAGS=0x0000000000010206

Top of Stack: (sp=0x0000006f6b6fee50)
0x0000006f6b6fee50:   0000006f6b6feef0 000000008a4913f0
0x0000006f6b6fee60:   0000000000000001 00007ffe037b4a9a
0x0000006f6b6fee70:   000001b6a999e760 000000008a4913f0
0x0000006f6b6fee80:   000000000000000d 0000000000000000
0x0000006f6b6fee90:   0000006f6b6fefa0 00007ffe03a8ed13
0x0000006f6b6feea0:   000000008a4913d8 00007ffe03af2698
0x0000006f6b6feeb0:   000001b6c8c3f100 000001b6a999e760
0x0000006f6b6feec0:   0000000000000000 0000000000000007
0x0000006f6b6feed0:   00000000bd4ccccd 0000000000000000
0x0000006f6b6feee0:   0000000000000000 0000000000000000
0x0000006f6b6feef0:   000001b6c8c3f100 0000000000000240
0x0000006f6b6fef00:   000001b6b11f94fe 0000006f6b6ff000
0x0000006f6b6fef10:   000001b6a999ea08 0000006f6b6ff020
0x0000006f6b6fef20:   0000006f6b6ff020 0000000064a4c699
0x0000006f6b6fef30:   0000006f6b6ff000 0000006f6b6ff020
0x0000006f6b6fef40:   000001b6a999e760 00007ffe03d37f67 

Instructions: (pc=0x0000000064ac3772)
0x0000000064ac3672:   0f 84 70 fe ff ff b8 02 00 00 00 3b be 40 1c 00
0x0000000064ac3682:   00 0f 85 20 f8 ff ff e9 0c fb ff ff 31 c0 80 be
0x0000000064ac3692:   23 04 00 00 00 0f 85 e9 fa ff ff 89 d8 83 e0 04
0x0000000064ac36a2:   0f 84 88 fe ff ff 31 c0 e9 6d fe ff ff 90 80 be
0x0000000064ac36b2:   23 04 00 00 00 75 51 b8 02 00 00 00 80 be 24 04
0x0000000064ac36c2:   00 00 00 0f 85 65 ff ff ff e9 55 fe ff ff 80 be
0x0000000064ac36d2:   23 04 00 00 00 0f 85 f0 fe ff ff b8 ff ff ff ff
0x0000000064ac36e2:   eb da 89 be 00 20 00 00 4c 89 e9 e8 ae 72 f5 ff
0x0000000064ac36f2:   0f b6 54 24 2c e9 cf fb ff ff f6 c3 04 0f 84 1b
0x0000000064ac3702:   fc ff ff e9 04 fb ff ff 3b be 40 1c 00 00 74 12
0x0000000064ac3712:   c7 44 24 28 01 00 00 00 b8 02 00 00 00 e9 85 f7
0x0000000064ac3722:   ff ff 45 85 f6 0f 84 ff fb ff ff e9 a4 fe ff ff
0x0000000064ac3732:   66 66 2e 0f 1f 84 00 00 00 00 00 0f 1f 00 41 56
0x0000000064ac3742:   41 55 41 54 55 57 56 53 48 81 ec a0 00 00 00 0f
0x0000000064ac3752:   29 b4 24 80 00 00 00 0f 29 bc 24 90 00 00 00 48
0x0000000064ac3762:   8b 05 b8 80 1d 00 48 8b 18 48 8b b3 e8 1b 00 00
0x0000000064ac3772:   80 be d4 00 00 00 00 48 89 cd 49 89 d4 44 89 c7
0x0000000064ac3782:   c6 86 d1 00 00 00 01 74 2d 45 31 e4 0f 28 b4 24
0x0000000064ac3792:   80 00 00 00 0f 28 bc 24 90 00 00 00 44 89 e0 48
0x0000000064ac37a2:   81 c4 a0 00 00 00 5b 5e 5f 5d 41 5c 41 5d 41 5e
0x0000000064ac37b2:   c3 0f 1f 44 00 00 48 89 ca 45 31 c0 48 89 f1 e8
0x0000000064ac37c2:   ca d4 f4 ff 41 b8 01 00 00 00 31 d2 48 89 e9 f3
0x0000000064ac37d2:   0f 10 1d 77 64 1a 00 41 89 c5 e8 bf f6 f4 ff f3
0x0000000064ac37e2:   0f 10 be 18 01 00 00 f3 0f 10 b6 1c 01 00 00 48
0x0000000064ac37f2:   89 44 24 50 f3 0f 10 93 74 16 00 00 f7 c7 00 80
0x0000000064ac3802:   00 00 74 11 f3 0f 10 86 50 01 00 00 0f 2f c2 0f
0x0000000064ac3812:   87 b1 01 00 00 f3 0f 10 8b 70 16 00 00 f3 0f 58
0x0000000064ac3822:   d2 f3 0f 58 54 24 54 49 8b 0c 24 4c 8d 74 24 70
0x0000000064ac3832:   f3 0f 58 c9 f3 0f 58 4c 24 50 e8 8f 59 f5 ff 48
0x0000000064ac3842:   8d 4c 24 58 f3 0f 11 7c 24 70 48 89 44 24 58 f3
0x0000000064ac3852:   0f 10 4c 24 58 f3 0f 10 44 24 5c f3 0f 11 74 24
0x0000000064ac3862:   74 f3 0f 58 cf f3 0f 58 c6 f3 0f 11 4c 24 78 f3 


Stack slot to memory mapping:
stack at sp + 0 slots: 0x0000006f6b6feef0 is pointing into the stack for thread: 0x000001b6a999e760
stack at sp + 1 slots: 0x000000008a4913f0 is an oop: [B 
{0x000000008a4913f0} - klass: {type array byte}
 - length: 12
stack at sp + 2 slots: 0x0000000000000001 is an unknown value
stack at sp + 3 slots: 0x00007ffe037b4a9a jvm.dll
stack at sp + 4 slots: 0x000001b6a999e760 is a thread
stack at sp + 5 slots: 0x000000008a4913f0 is an oop: [B 
{0x000000008a4913f0} - klass: {type array byte}
 - length: 12
stack at sp + 6 slots: 0x000000000000000d is an unknown value
stack at sp + 7 slots: 0x0 is NULL


---------------  P R O C E S S  ---------------

Threads class SMR info:
_java_thread_list=0x000001b6d0156ed0, length=14, elements={
0x000001b6a999e760, 0x000001b6c785a9d0, 0x000001b6c785b380, 0x000001b6c786add0,
0x000001b6c786b780, 0x000001b6c786f150, 0x000001b6c786fb00, 0x000001b6c7870890,
0x000001b6c7871330, 0x000001b6c7872330, 0x000001b6c84ab750, 0x000001b6c84d8110,
0x000001b6e3ae92e0, 0x000001b6e3ae9d80
}

Java Threads: ( => current thread )
=>0x000001b6a999e760 JavaThread "main" [_thread_in_native, id=904, stack(0x0000006f6b600000,0x0000006f6b700000)]
  0x000001b6c785a9d0 JavaThread "Reference Handler" daemon [_thread_blocked, id=14788, stack(0x0000006f6bd00000,0x0000006f6be00000)]
  0x000001b6c785b380 JavaThread "Finalizer" daemon [_thread_blocked, id=10884, stack(0x0000006f6be00000,0x0000006f6bf00000)]
  0x000001b6c786add0 JavaThread "Signal Dispatcher" daemon [_thread_blocked, id=6656, stack(0x0000006f6bf00000,0x0000006f6c000000)]
  0x000001b6c786b780 JavaThread "Attach Listener" daemon [_thread_blocked, id=9060, stack(0x0000006f6c000000,0x0000006f6c100000)]
  0x000001b6c786f150 JavaThread "Service Thread" daemon [_thread_blocked, id=9596, stack(0x0000006f6c100000,0x0000006f6c200000)]
  0x000001b6c786fb00 JavaThread "Monitor Deflation Thread" daemon [_thread_blocked, id=12900, stack(0x0000006f6c200000,0x0000006f6c300000)]
  0x000001b6c7870890 JavaThread "C2 CompilerThread0" daemon [_thread_blocked, id=10000, stack(0x0000006f6c300000,0x0000006f6c400000)]
  0x000001b6c7871330 JavaThread "C1 CompilerThread0" daemon [_thread_blocked, id=11616, stack(0x0000006f6c400000,0x0000006f6c500000)]
  0x000001b6c7872330 JavaThread "Sweeper thread" daemon [_thread_blocked, id=16132, stack(0x0000006f6c500000,0x0000006f6c600000)]
  0x000001b6c84ab750 JavaThread "Notification Thread" daemon [_thread_blocked, id=1352, stack(0x0000006f6c600000,0x0000006f6c700000)]
  0x000001b6c84d8110 JavaThread "Common-Cleaner" daemon [_thread_blocked, id=300, stack(0x0000006f6c800000,0x0000006f6c900000)]
  0x000001b6e3ae92e0 JavaThread "C2 CompilerThread1" daemon [_thread_in_native, id=12632, stack(0x0000006f6cf00000,0x0000006f6d000000)]
  0x000001b6e3ae9d80 JavaThread "C2 CompilerThread2" daemon [_thread_in_native, id=11340, stack(0x0000006f6d300000,0x0000006f6d400000)]

Other Threads:
  0x000001b6c7857040 VMThread "VM Thread" [stack: 0x0000006f6bc00000,0x0000006f6bd00000] [id=8232]
  0x000001b6a9a05d40 WatcherThread [stack: 0x0000006f6c700000,0x0000006f6c800000] [id=14756]
  0x000001b6a99dd6d0 GCTaskThread "GC Thread#0" [stack: 0x0000006f6b700000,0x0000006f6b800000] [id=164]
  0x000001b6e39a8880 GCTaskThread "GC Thread#1" [stack: 0x0000006f6d400000,0x0000006f6d500000] [id=12600]
  0x000001b6d049f580 GCTaskThread "GC Thread#2" [stack: 0x0000006f6d500000,0x0000006f6d600000] [id=7096]
  0x000001b6d009bd70 GCTaskThread "GC Thread#3" [stack: 0x0000006f6d600000,0x0000006f6d700000] [id=3612]
  0x000001b6d009c020 GCTaskThread "GC Thread#4" [stack: 0x0000006f6d700000,0x0000006f6d800000] [id=14228]
  0x000001b6d02a1e50 GCTaskThread "GC Thread#5" [stack: 0x0000006f6d800000,0x0000006f6d900000] [id=8000]
  0x000001b6d0832dc0 GCTaskThread "GC Thread#6" [stack: 0x0000006f6d900000,0x0000006f6da00000] [id=5788]
  0x000001b6d08325b0 GCTaskThread "GC Thread#7" [stack: 0x0000006f6da00000,0x0000006f6db00000] [id=1232]
  0x000001b6a99edc50 ConcurrentGCThread "G1 Main Marker" [stack: 0x0000006f6b800000,0x0000006f6b900000] [id=16280]
  0x000001b6a99ee660 ConcurrentGCThread "G1 Conc#0" [stack: 0x0000006f6b900000,0x0000006f6ba00000] [id=13908]
  0x000001b6a9a6e2f0 ConcurrentGCThread "G1 Refine#0" [stack: 0x0000006f6ba00000,0x0000006f6bb00000] [id=11792]
  0x000001b6c7701090 ConcurrentGCThread "G1 Service" [stack: 0x0000006f6bb00000,0x0000006f6bc00000] [id=16048]

Threads with active compile tasks:
C2 CompilerThread1     3215 1849       4       com.google.gson.internal.bind.TypeAdapters$29::write (256 bytes)
C2 CompilerThread2     3215 1920       4       com.google.gson.internal.bind.TypeAdapters$29::read (209 bytes)

VM state: not at safepoint (normal execution)

VM Mutex/Monitor currently owned by a thread: None

Heap address: 0x0000000084e00000, size: 1970 MB, Compressed Oops mode: 32-bit

CDS archive(s) mapped at: [0x0000000800000000-0x0000000800bc0000-0x0000000800bc0000), size 12320768, SharedBaseAddress: 0x0000000800000000, ArchiveRelocationMode: 0.
Compressed class space mapped at: 0x0000000800c00000-0x0000000840c00000, reserved size: 1073741824
Narrow klass base: 0x0000000800000000, Narrow klass shift: 0, Narrow klass range: 0x100000000

GC Precious Log:
 CPUs: 8 total, 8 available
 Memory: 7872M
 Large Page Support: Disabled
 NUMA Support: Disabled
 Compressed Oops: Enabled (32-bit)
 Heap Region Size: 1M
 Heap Min Capacity: 8M
 Heap Initial Capacity: 124M
 Heap Max Capacity: 1970M
 Pre-touch: Disabled
 Parallel Workers: 8
 Concurrent Workers: 2
 Concurrent Refinement Workers: 8
 Periodic GC: Disabled

Heap:
 garbage-first heap   total 126976K, used 13290K [0x0000000084e00000, 0x0000000100000000)
  region size 1024K, 10 young (10240K), 3 survivors (3072K)
 Metaspace       used 9881K, committed 10112K, reserved 1064960K
  class space    used 667K, committed 768K, reserved 1048576K

Heap Regions: E=young(eden), S=young(survivor), O=old, HS=humongous(starts), HC=humongous(continues), CS=collection set, F=free, OA=open archive, CA=closed archive, TAMS=top-at-mark-start (previous, next)
|   0|0x0000000084e00000, 0x0000000084e00000, 0x0000000084f00000|  0%| F|  |TAMS 0x0000000084e00000, 0x0000000084e00000| Untracked 
|   1|0x0000000084f00000, 0x0000000084f00000, 0x0000000085000000|  0%| F|  |TAMS 0x0000000084f00000, 0x0000000084f00000| Untracked 
|   2|0x0000000085000000, 0x0000000085100000, 0x0000000085100000|100%| O|  |TAMS 0x0000000085000000, 0x0000000085000000| Untracked 
|   3|0x0000000085100000, 0x0000000085100000, 0x0000000085200000|  0%| F|  |TAMS 0x0000000085100000, 0x0000000085100000| Untracked 
|   4|0x0000000085200000, 0x0000000085200000, 0x0000000085300000|  0%| F|  |TAMS 0x0000000085200000, 0x0000000085200000| Untracked 
|   5|0x0000000085300000, 0x0000000085300000, 0x0000000085400000|  0%| F|  |TAMS 0x0000000085300000, 0x0000000085300000| Untracked 
|   6|0x0000000085400000, 0x0000000085400000, 0x0000000085500000|  0%| F|  |TAMS 0x0000000085400000, 0x0000000085400000| Untracked 
|   7|0x0000000085500000, 0x0000000085600000, 0x0000000085600000|100%|HS|  |TAMS 0x0000000085500000, 0x0000000085500000| Complete 
|   8|0x0000000085600000, 0x0000000085700000, 0x0000000085700000|100%| O|  |TAMS 0x0000000085600000, 0x0000000085600000| Untracked 
|   9|0x0000000085700000, 0x00000000857faa00, 0x0000000085800000| 97%| O|  |TAMS 0x0000000085700000, 0x0000000085700000| Untracked 
|  10|0x0000000085800000, 0x0000000085800000, 0x0000000085900000|  0%| F|  |TAMS 0x0000000085800000, 0x0000000085800000| Untracked 
|  11|0x0000000085900000, 0x0000000085900000, 0x0000000085a00000|  0%| F|  |TAMS 0x0000000085900000, 0x0000000085900000| Untracked 
|  12|0x0000000085a00000, 0x0000000085a00000, 0x0000000085b00000|  0%| F|  |TAMS 0x0000000085a00000, 0x0000000085a00000| Untracked 
|  13|0x0000000085b00000, 0x0000000085b00000, 0x0000000085c00000|  0%| F|  |TAMS 0x0000000085b00000, 0x0000000085b00000| Untracked 
|  14|0x0000000085c00000, 0x0000000085c00000, 0x0000000085d00000|  0%| F|  |TAMS 0x0000000085c00000, 0x0000000085c00000| Untracked 
|  15|0x0000000085d00000, 0x0000000085d00000, 0x0000000085e00000|  0%| F|  |TAMS 0x0000000085d00000, 0x0000000085d00000| Untracked 
|  16|0x0000000085e00000, 0x0000000085e00000, 0x0000000085f00000|  0%| F|  |TAMS 0x0000000085e00000, 0x0000000085e00000| Untracked 
|  17|0x0000000085f00000, 0x0000000085f00000, 0x0000000086000000|  0%| F|  |TAMS 0x0000000085f00000, 0x0000000085f00000| Untracked 
|  18|0x0000000086000000, 0x0000000086000000, 0x0000000086100000|  0%| F|  |TAMS 0x0000000086000000, 0x0000000086000000| Untracked 
|  19|0x0000000086100000, 0x0000000086100000, 0x0000000086200000|  0%| F|  |TAMS 0x0000000086100000, 0x0000000086100000| Untracked 
|  20|0x0000000086200000, 0x0000000086200000, 0x0000000086300000|  0%| F|  |TAMS 0x0000000086200000, 0x0000000086200000| Untracked 
|  21|0x0000000086300000, 0x0000000086300000, 0x0000000086400000|  0%| F|  |TAMS 0x0000000086300000, 0x0000000086300000| Untracked 
|  22|0x0000000086400000, 0x0000000086400000, 0x0000000086500000|  0%| F|  |TAMS 0x0000000086400000, 0x0000000086400000| Untracked 
|  23|0x0000000086500000, 0x0000000086500000, 0x0000000086600000|  0%| F|  |TAMS 0x0000000086500000, 0x0000000086500000| Untracked 
|  24|0x0000000086600000, 0x0000000086600000, 0x0000000086700000|  0%| F|  |TAMS 0x0000000086600000, 0x0000000086600000| Untracked 
|  25|0x0000000086700000, 0x0000000086700000, 0x0000000086800000|  0%| F|  |TAMS 0x0000000086700000, 0x0000000086700000| Untracked 
|  26|0x0000000086800000, 0x0000000086800000, 0x0000000086900000|  0%| F|  |TAMS 0x0000000086800000, 0x0000000086800000| Untracked 
|  27|0x0000000086900000, 0x0000000086900000, 0x0000000086a00000|  0%| F|  |TAMS 0x0000000086900000, 0x0000000086900000| Untracked 
|  28|0x0000000086a00000, 0x0000000086a00000, 0x0000000086b00000|  0%| F|  |TAMS 0x0000000086a00000, 0x0000000086a00000| Untracked 
|  29|0x0000000086b00000, 0x0000000086b00000, 0x0000000086c00000|  0%| F|  |TAMS 0x0000000086b00000, 0x0000000086b00000| Untracked 
|  30|0x0000000086c00000, 0x0000000086c00000, 0x0000000086d00000|  0%| F|  |TAMS 0x0000000086c00000, 0x0000000086c00000| Untracked 
|  31|0x0000000086d00000, 0x0000000086d00000, 0x0000000086e00000|  0%| F|  |TAMS 0x0000000086d00000, 0x0000000086d00000| Untracked 
|  32|0x0000000086e00000, 0x0000000086e00000, 0x0000000086f00000|  0%| F|  |TAMS 0x0000000086e00000, 0x0000000086e00000| Untracked 
|  33|0x0000000086f00000, 0x0000000086f00000, 0x0000000087000000|  0%| F|  |TAMS 0x0000000086f00000, 0x0000000086f00000| Untracked 
|  34|0x0000000087000000, 0x0000000087000000, 0x0000000087100000|  0%| F|  |TAMS 0x0000000087000000, 0x0000000087000000| Untracked 
|  35|0x0000000087100000, 0x0000000087100000, 0x0000000087200000|  0%| F|  |TAMS 0x0000000087100000, 0x0000000087100000| Untracked 
|  36|0x0000000087200000, 0x0000000087200000, 0x0000000087300000|  0%| F|  |TAMS 0x0000000087200000, 0x0000000087200000| Untracked 
|  37|0x0000000087300000, 0x0000000087300000, 0x0000000087400000|  0%| F|  |TAMS 0x0000000087300000, 0x0000000087300000| Untracked 
|  38|0x0000000087400000, 0x0000000087400000, 0x0000000087500000|  0%| F|  |TAMS 0x0000000087400000, 0x0000000087400000| Untracked 
|  39|0x0000000087500000, 0x0000000087500000, 0x0000000087600000|  0%| F|  |TAMS 0x0000000087500000, 0x0000000087500000| Untracked 
|  40|0x0000000087600000, 0x0000000087600000, 0x0000000087700000|  0%| F|  |TAMS 0x0000000087600000, 0x0000000087600000| Untracked 
|  41|0x0000000087700000, 0x0000000087700000, 0x0000000087800000|  0%| F|  |TAMS 0x0000000087700000, 0x0000000087700000| Untracked 
|  42|0x0000000087800000, 0x0000000087800000, 0x0000000087900000|  0%| F|  |TAMS 0x0000000087800000, 0x0000000087800000| Untracked 
|  43|0x0000000087900000, 0x0000000087900000, 0x0000000087a00000|  0%| F|  |TAMS 0x0000000087900000, 0x0000000087900000| Untracked 
|  44|0x0000000087a00000, 0x0000000087a00000, 0x0000000087b00000|  0%| F|  |TAMS 0x0000000087a00000, 0x0000000087a00000| Untracked 
|  45|0x0000000087b00000, 0x0000000087b00000, 0x0000000087c00000|  0%| F|  |TAMS 0x0000000087b00000, 0x0000000087b00000| Untracked 
|  46|0x0000000087c00000, 0x0000000087c00000, 0x0000000087d00000|  0%| F|  |TAMS 0x0000000087c00000, 0x0000000087c00000| Untracked 
|  47|0x0000000087d00000, 0x0000000087d00000, 0x0000000087e00000|  0%| F|  |TAMS 0x0000000087d00000, 0x0000000087d00000| Untracked 
|  48|0x0000000087e00000, 0x0000000087e00000, 0x0000000087f00000|  0%| F|  |TAMS 0x0000000087e00000, 0x0000000087e00000| Untracked 
|  49|0x0000000087f00000, 0x0000000087f00000, 0x0000000088000000|  0%| F|  |TAMS 0x0000000087f00000, 0x0000000087f00000| Untracked 
|  50|0x0000000088000000, 0x0000000088000000, 0x0000000088100000|  0%| F|  |TAMS 0x0000000088000000, 0x0000000088000000| Untracked 
|  51|0x0000000088100000, 0x0000000088100000, 0x0000000088200000|  0%| F|  |TAMS 0x0000000088100000, 0x0000000088100000| Untracked 
|  52|0x0000000088200000, 0x0000000088200000, 0x0000000088300000|  0%| F|  |TAMS 0x0000000088200000, 0x0000000088200000| Untracked 
|  53|0x0000000088300000, 0x0000000088300000, 0x0000000088400000|  0%| F|  |TAMS 0x0000000088300000, 0x0000000088300000| Untracked 
|  54|0x0000000088400000, 0x0000000088400000, 0x0000000088500000|  0%| F|  |TAMS 0x0000000088400000, 0x0000000088400000| Untracked 
|  55|0x0000000088500000, 0x0000000088500000, 0x0000000088600000|  0%| F|  |TAMS 0x0000000088500000, 0x0000000088500000| Untracked 
|  56|0x0000000088600000, 0x0000000088600000, 0x0000000088700000|  0%| F|  |TAMS 0x0000000088600000, 0x0000000088600000| Untracked 
|  57|0x0000000088700000, 0x0000000088700000, 0x0000000088800000|  0%| F|  |TAMS 0x0000000088700000, 0x0000000088700000| Untracked 
|  58|0x0000000088800000, 0x0000000088800000, 0x0000000088900000|  0%| F|  |TAMS 0x0000000088800000, 0x0000000088800000| Untracked 
|  59|0x0000000088900000, 0x0000000088900000, 0x0000000088a00000|  0%| F|  |TAMS 0x0000000088900000, 0x0000000088900000| Untracked 
|  60|0x0000000088a00000, 0x0000000088a00000, 0x0000000088b00000|  0%| F|  |TAMS 0x0000000088a00000, 0x0000000088a00000| Untracked 
|  61|0x0000000088b00000, 0x0000000088b00000, 0x0000000088c00000|  0%| F|  |TAMS 0x0000000088b00000, 0x0000000088b00000| Untracked 
|  62|0x0000000088c00000, 0x0000000088c00000, 0x0000000088d00000|  0%| F|  |TAMS 0x0000000088c00000, 0x0000000088c00000| Untracked 
|  63|0x0000000088d00000, 0x0000000088d00000, 0x0000000088e00000|  0%| F|  |TAMS 0x0000000088d00000, 0x0000000088d00000| Untracked 
|  64|0x0000000088e00000, 0x0000000088e00000, 0x0000000088f00000|  0%| F|  |TAMS 0x0000000088e00000, 0x0000000088e00000| Untracked 
|  65|0x0000000088f00000, 0x0000000088f00000, 0x0000000089000000|  0%| F|  |TAMS 0x0000000088f00000, 0x0000000088f00000| Untracked 
|  66|0x0000000089000000, 0x0000000089000000, 0x0000000089100000|  0%| F|  |TAMS 0x0000000089000000, 0x0000000089000000| Untracked 
|  67|0x0000000089100000, 0x0000000089100000, 0x0000000089200000|  0%| F|  |TAMS 0x0000000089100000, 0x0000000089100000| Untracked 
|  68|0x0000000089200000, 0x0000000089200000, 0x0000000089300000|  0%| F|  |TAMS 0x0000000089200000, 0x0000000089200000| Untracked 
|  69|0x0000000089300000, 0x0000000089300000, 0x0000000089400000|  0%| F|  |TAMS 0x0000000089300000, 0x0000000089300000| Untracked 
|  70|0x0000000089400000, 0x0000000089400000, 0x0000000089500000|  0%| F|  |TAMS 0x0000000089400000, 0x0000000089400000| Untracked 
|  71|0x0000000089500000, 0x0000000089500000, 0x0000000089600000|  0%| F|  |TAMS 0x0000000089500000, 0x0000000089500000| Untracked 
|  72|0x0000000089600000, 0x0000000089600000, 0x0000000089700000|  0%| F|  |TAMS 0x0000000089600000, 0x0000000089600000| Untracked 
|  73|0x0000000089700000, 0x0000000089700000, 0x0000000089800000|  0%| F|  |TAMS 0x0000000089700000, 0x0000000089700000| Untracked 
|  74|0x0000000089800000, 0x0000000089800000, 0x0000000089900000|  0%| F|  |TAMS 0x0000000089800000, 0x0000000089800000| Untracked 
|  75|0x0000000089900000, 0x0000000089900000, 0x0000000089a00000|  0%| F|  |TAMS 0x0000000089900000, 0x0000000089900000| Untracked 
|  76|0x0000000089a00000, 0x0000000089a00000, 0x0000000089b00000|  0%| F|  |TAMS 0x0000000089a00000, 0x0000000089a00000| Untracked 
|  77|0x0000000089b00000, 0x0000000089b00000, 0x0000000089c00000|  0%| F|  |TAMS 0x0000000089b00000, 0x0000000089b00000| Untracked 
|  78|0x0000000089c00000, 0x0000000089c00000, 0x0000000089d00000|  0%| F|  |TAMS 0x0000000089c00000, 0x0000000089c00000| Untracked 
|  79|0x0000000089d00000, 0x0000000089d00000, 0x0000000089e00000|  0%| F|  |TAMS 0x0000000089d00000, 0x0000000089d00000| Untracked 
|  80|0x0000000089e00000, 0x0000000089e00000, 0x0000000089f00000|  0%| F|  |TAMS 0x0000000089e00000, 0x0000000089e00000| Untracked 
|  81|0x0000000089f00000, 0x0000000089f00000, 0x000000008a000000|  0%| F|  |TAMS 0x0000000089f00000, 0x0000000089f00000| Untracked 
|  82|0x000000008a000000, 0x000000008a000000, 0x000000008a100000|  0%| F|  |TAMS 0x000000008a000000, 0x000000008a000000| Untracked 
|  83|0x000000008a100000, 0x000000008a100000, 0x000000008a200000|  0%| F|  |TAMS 0x000000008a100000, 0x000000008a100000| Untracked 
|  84|0x000000008a200000, 0x000000008a200000, 0x000000008a300000|  0%| F|  |TAMS 0x000000008a200000, 0x000000008a200000| Untracked 
|  85|0x000000008a300000, 0x000000008a400000, 0x000000008a400000|100%| S|CS|TAMS 0x000000008a300000, 0x000000008a300000| Complete 
|  86|0x000000008a400000, 0x000000008a500000, 0x000000008a500000|100%| S|CS|TAMS 0x000000008a400000, 0x000000008a400000| Complete 
|  87|0x000000008a500000, 0x000000008a600000, 0x000000008a600000|100%| S|CS|TAMS 0x000000008a500000, 0x000000008a500000| Complete 
|  88|0x000000008a600000, 0x000000008a600000, 0x000000008a700000|  0%| F|  |TAMS 0x000000008a600000, 0x000000008a600000| Untracked 
|  89|0x000000008a700000, 0x000000008a700000, 0x000000008a800000|  0%| F|  |TAMS 0x000000008a700000, 0x000000008a700000| Untracked 
|  90|0x000000008a800000, 0x000000008a800000, 0x000000008a900000|  0%| F|  |TAMS 0x000000008a800000, 0x000000008a800000| Untracked 
|  91|0x000000008a900000, 0x000000008a900000, 0x000000008aa00000|  0%| F|  |TAMS 0x000000008a900000, 0x000000008a900000| Untracked 
|  92|0x000000008aa00000, 0x000000008aa00000, 0x000000008ab00000|  0%| F|  |TAMS 0x000000008aa00000, 0x000000008aa00000| Untracked 
|  93|0x000000008ab00000, 0x000000008ab00000, 0x000000008ac00000|  0%| F|  |TAMS 0x000000008ab00000, 0x000000008ab00000| Untracked 
|  94|0x000000008ac00000, 0x000000008ac00000, 0x000000008ad00000|  0%| F|  |TAMS 0x000000008ac00000, 0x000000008ac00000| Untracked 
|  95|0x000000008ad00000, 0x000000008ad00000, 0x000000008ae00000|  0%| F|  |TAMS 0x000000008ad00000, 0x000000008ad00000| Untracked 
|  96|0x000000008ae00000, 0x000000008ae00000, 0x000000008af00000|  0%| F|  |TAMS 0x000000008ae00000, 0x000000008ae00000| Untracked 
|  97|0x000000008af00000, 0x000000008af00000, 0x000000008b000000|  0%| F|  |TAMS 0x000000008af00000, 0x000000008af00000| Untracked 
|  98|0x000000008b000000, 0x000000008b000000, 0x000000008b100000|  0%| F|  |TAMS 0x000000008b000000, 0x000000008b000000| Untracked 
|  99|0x000000008b100000, 0x000000008b100000, 0x000000008b200000|  0%| F|  |TAMS 0x000000008b100000, 0x000000008b100000| Untracked 
| 100|0x000000008b200000, 0x000000008b200000, 0x000000008b300000|  0%| F|  |TAMS 0x000000008b200000, 0x000000008b200000| Untracked 
| 101|0x000000008b300000, 0x000000008b300000, 0x000000008b400000|  0%| F|  |TAMS 0x000000008b300000, 0x000000008b300000| Untracked 
| 102|0x000000008b400000, 0x000000008b400000, 0x000000008b500000|  0%| F|  |TAMS 0x000000008b400000, 0x000000008b400000| Untracked 
| 103|0x000000008b500000, 0x000000008b500000, 0x000000008b600000|  0%| F|  |TAMS 0x000000008b500000, 0x000000008b500000| Untracked 
| 104|0x000000008b600000, 0x000000008b600000, 0x000000008b700000|  0%| F|  |TAMS 0x000000008b600000, 0x000000008b600000| Untracked 
| 105|0x000000008b700000, 0x000000008b700000, 0x000000008b800000|  0%| F|  |TAMS 0x000000008b700000, 0x000000008b700000| Untracked 
| 106|0x000000008b800000, 0x000000008b800000, 0x000000008b900000|  0%| F|  |TAMS 0x000000008b800000, 0x000000008b800000| Untracked 
| 107|0x000000008b900000, 0x000000008b900000, 0x000000008ba00000|  0%| F|  |TAMS 0x000000008b900000, 0x000000008b900000| Untracked 
| 108|0x000000008ba00000, 0x000000008ba00000, 0x000000008bb00000|  0%| F|  |TAMS 0x000000008ba00000, 0x000000008ba00000| Untracked 
| 109|0x000000008bb00000, 0x000000008bb00000, 0x000000008bc00000|  0%| F|  |TAMS 0x000000008bb00000, 0x000000008bb00000| Untracked 
| 110|0x000000008bc00000, 0x000000008bc00000, 0x000000008bd00000|  0%| F|  |TAMS 0x000000008bc00000, 0x000000008bc00000| Untracked 
| 111|0x000000008bd00000, 0x000000008bd00000, 0x000000008be00000|  0%| F|  |TAMS 0x000000008bd00000, 0x000000008bd00000| Untracked 
| 112|0x000000008be00000, 0x000000008be00000, 0x000000008bf00000|  0%| F|  |TAMS 0x000000008be00000, 0x000000008be00000| Untracked 
| 113|0x000000008bf00000, 0x000000008bf00000, 0x000000008c000000|  0%| F|  |TAMS 0x000000008bf00000, 0x000000008bf00000| Untracked 
| 114|0x000000008c000000, 0x000000008c000000, 0x000000008c100000|  0%| F|  |TAMS 0x000000008c000000, 0x000000008c000000| Untracked 
| 115|0x000000008c100000, 0x000000008c100000, 0x000000008c200000|  0%| F|  |TAMS 0x000000008c100000, 0x000000008c100000| Untracked 
| 116|0x000000008c200000, 0x000000008c200000, 0x000000008c300000|  0%| F|  |TAMS 0x000000008c200000, 0x000000008c200000| Untracked 
| 117|0x000000008c300000, 0x000000008c380800, 0x000000008c400000| 50%| E|  |TAMS 0x000000008c300000, 0x000000008c300000| Complete 
| 118|0x000000008c400000, 0x000000008c500000, 0x000000008c500000|100%| E|CS|TAMS 0x000000008c400000, 0x000000008c400000| Complete 
| 119|0x000000008c500000, 0x000000008c600000, 0x000000008c600000|100%| E|CS|TAMS 0x000000008c500000, 0x000000008c500000| Complete 
| 120|0x000000008c600000, 0x000000008c700000, 0x000000008c700000|100%| E|CS|TAMS 0x000000008c600000, 0x000000008c600000| Complete 
| 121|0x000000008c700000, 0x000000008c800000, 0x000000008c800000|100%| E|CS|TAMS 0x000000008c700000, 0x000000008c700000| Complete 
| 122|0x000000008c800000, 0x000000008c900000, 0x000000008c900000|100%| E|CS|TAMS 0x000000008c800000, 0x000000008c800000| Complete 
| 123|0x000000008c900000, 0x000000008ca00000, 0x000000008ca00000|100%| E|CS|TAMS 0x000000008c900000, 0x000000008c900000| Complete 

Card table byte_map: [0x000001b6c0920000,0x000001b6c0d00000] _byte_map_base: 0x000001b6c04f9000

Marking Bits (Prev, Next): (CMBitMap*) 0x000001b6a99ddce0, (CMBitMap*) 0x000001b6a99ddd20
 Prev Bits: [0x000001b6c10e0000, 0x000001b6c2fa8000)
 Next Bits: [0x000001b6c2fb0000, 0x000001b6c4e78000)

Polling page: 0x000001b6a7940000

Metaspace:

Usage:
  Non-class:      9.00 MB used.
      Class:    667.38 KB used.
       Both:      9.65 MB used.

Virtual space:
  Non-class space:       16.00 MB reserved,       9.12 MB ( 57%) committed,  2 nodes.
      Class space:        1.00 GB reserved,     768.00 KB ( <1%) committed,  1 nodes.
             Both:        1.02 GB reserved,       9.88 MB ( <1%) committed. 

Chunk freelists:
   Non-Class:  1.48 MB
       Class:  3.28 MB
        Both:  4.77 MB

MaxMetaspaceSize: unlimited
CompressedClassSpaceSize: 1.00 GB
Initial GC threshold: 21.00 MB
Current GC threshold: 21.00 MB
CDS: on
MetaspaceReclaimPolicy: balanced
 - commit_granule_bytes: 65536.
 - commit_granule_words: 8192.
 - virtual_space_node_default_size: 1048576.
 - enlarge_chunks_in_place: 1.
 - new_chunks_are_fully_committed: 0.
 - uncommit_free_chunks: 1.
 - use_allocation_guard: 0.
 - handle_deallocations: 1.


Internal statistics:

num_allocs_failed_limit: 0.
num_arena_births: 140.
num_arena_deaths: 0.
num_vsnodes_births: 3.
num_vsnodes_deaths: 0.
num_space_committed: 156.
num_space_uncommitted: 0.
num_chunks_returned_to_freelist: 0.
num_chunks_taken_from_freelist: 447.
num_chunk_merges: 0.
num_chunk_splits: 312.
num_chunks_enlarged: 228.
num_purges: 0.
num_inconsistent_stats: 0.

CodeHeap 'non-profiled nmethods': size=120000Kb used=883Kb max_used=883Kb free=119116Kb
 bounds [0x000001b6b8cc0000, 0x000001b6b8f30000, 0x000001b6c01f0000]
CodeHeap 'profiled nmethods': size=120000Kb used=3594Kb max_used=3594Kb free=116405Kb
 bounds [0x000001b6b1790000, 0x000001b6b1b20000, 0x000001b6b8cc0000]
CodeHeap 'non-nmethods': size=5760Kb used=1838Kb max_used=1869Kb free=3921Kb
 bounds [0x000001b6b11f0000, 0x000001b6b1460000, 0x000001b6b1790000]
 total_blobs=3345 nmethods=2017 adapters=1241
 compilation: enabled
              stopped_count=0, restarted_count=0
 full_count=0

Compilation events (20 events):
Event: 3.167 Thread 0x000001b6c7871330 2016       2       org.jbox2d.dynamics.Body::isAwake (16 bytes)
Event: 3.168 Thread 0x000001b6c7871330 nmethod 2016 0x000001b6b1b0f190 code [0x000001b6b1b0f320, 0x000001b6b1b0f438]
Event: 3.168 Thread 0x000001b6c7871330 2018       2       org.jbox2d.common.Vec2::dot (20 bytes)
Event: 3.168 Thread 0x000001b6c7871330 nmethod 2018 0x000001b6b1b0f510 code [0x000001b6b1b0f6a0, 0x000001b6b1b0f7b8]
Event: 3.168 Thread 0x000001b6c7871330 2019       2       org.jbox2d.common.Vec2::mulLocal (22 bytes)
Event: 3.168 Thread 0x000001b6c7871330 nmethod 2019 0x000001b6b1b0f890 code [0x000001b6b1b0fa20, 0x000001b6b1b0fb38]
Event: 3.168 Thread 0x000001b6c7871330 2017       1       org.jbox2d.dynamics.Fixture::isSensor (5 bytes)
Event: 3.168 Thread 0x000001b6c7871330 nmethod 2017 0x000001b6b8d96610 code [0x000001b6b8d967a0, 0x000001b6b8d96878]
Event: 3.168 Thread 0x000001b6c7871330 2020       1       org.jbox2d.dynamics.contacts.Contact::getFixtureA (5 bytes)
Event: 3.168 Thread 0x000001b6c7871330 nmethod 2020 0x000001b6b8d96910 code [0x000001b6b8d96aa0, 0x000001b6b8d96b78]
Event: 3.168 Thread 0x000001b6c7871330 2021       1       org.jbox2d.dynamics.contacts.Contact::getFixtureB (5 bytes)
Event: 3.168 Thread 0x000001b6c7871330 nmethod 2021 0x000001b6b8d96c10 code [0x000001b6b8d96da0, 0x000001b6b8d96e78]
Event: 3.168 Thread 0x000001b6c7871330 2022       1       org.jbox2d.dynamics.Body::getTransform (5 bytes)
Event: 3.168 Thread 0x000001b6c7871330 nmethod 2022 0x000001b6b8d96f10 code [0x000001b6b8d970a0, 0x000001b6b8d97178]
Event: 3.168 Thread 0x000001b6c7871330 2023       2       org.jbox2d.common.Vec2::negateLocal (20 bytes)
Event: 3.168 Thread 0x000001b6c7871330 nmethod 2023 0x000001b6b1b0fc10 code [0x000001b6b1b0fdc0, 0x000001b6b1b0fef8]
Event: 3.169 Thread 0x000001b6c7871330 2025       2       org.jbox2d.collision.broadphase.DynamicTree::getFatAABB (37 bytes)
Event: 3.169 Thread 0x000001b6c7871330 nmethod 2025 0x000001b6b1b0ff90 code [0x000001b6b1b10120, 0x000001b6b1b10258]
Event: 3.169 Thread 0x000001b6c7871330 2026       2       org.jbox2d.dynamics.ContactManager::addPair (509 bytes)
Event: 3.170 Thread 0x000001b6c7871330 nmethod 2026 0x000001b6b1b10390 code [0x000001b6b1b10600, 0x000001b6b1b11108]

GC Heap History (4 events):
Event: 0.949 GC heap before
{Heap before GC invocations=0 (full 0):
 garbage-first heap   total 126976K, used 25600K [0x0000000084e00000, 0x0000000100000000)
  region size 1024K, 23 young (23552K), 0 survivors (0K)
 Metaspace       used 7071K, committed 7296K, reserved 1064960K
  class space    used 550K, committed 640K, reserved 1048576K
}
Event: 0.953 GC heap after
{Heap after GC invocations=1 (full 0):
 garbage-first heap   total 126976K, used 4160K [0x0000000084e00000, 0x0000000100000000)
  region size 1024K, 3 young (3072K), 3 survivors (3072K)
 Metaspace       used 7071K, committed 7296K, reserved 1064960K
  class space    used 550K, committed 640K, reserved 1048576K
}
Event: 3.114 GC heap before
{Heap before GC invocations=1 (full 0):
 garbage-first heap   total 126976K, used 44096K [0x0000000084e00000, 0x0000000100000000)
  region size 1024K, 36 young (36864K), 3 survivors (3072K)
 Metaspace       used 9793K, committed 10048K, reserved 1064960K
  class space    used 656K, committed 768K, reserved 1048576K
}
Event: 3.122 GC heap after
{Heap after GC invocations=2 (full 0):
 garbage-first heap   total 126976K, used 7146K [0x0000000084e00000, 0x0000000100000000)
  region size 1024K, 3 young (3072K), 3 survivors (3072K)
 Metaspace       used 9793K, committed 10048K, reserved 1064960K
  class space    used 656K, committed 768K, reserved 1048576K
}

Deoptimization events (20 events):
Event: 3.087 Thread 0x000001b6a999e760 Uncommon trap: trap_request=0xffffffbe fr.pc=0x000001b6b8d2d118 relative=0x0000000000006838
Event: 3.087 Thread 0x000001b6a999e760 Uncommon trap: reason=profile_predicate action=maybe_recompile pc=0x000001b6b8d2d118 method=com.google.gson.internal.bind.TypeAdapters$29.read(Lcom/google/gson/stream/JsonReader;)Lcom/google/gson/JsonElement; @ 136 c2
Event: 3.087 Thread 0x000001b6a999e760 DEOPT PACKING pc=0x000001b6b8d2d118 sp=0x0000006f6b6fea30
Event: 3.087 Thread 0x000001b6a999e760 DEOPT UNPACKING pc=0x000001b6b1245c23 sp=0x0000006f6b6fe9c8 mode 2
Event: 3.087 Thread 0x000001b6a999e760 Uncommon trap: trap_request=0xffffffbe fr.pc=0x000001b6b8d2d118 relative=0x0000000000006838
Event: 3.087 Thread 0x000001b6a999e760 Uncommon trap: reason=profile_predicate action=maybe_recompile pc=0x000001b6b8d2d118 method=com.google.gson.internal.bind.TypeAdapters$29.read(Lcom/google/gson/stream/JsonReader;)Lcom/google/gson/JsonElement; @ 136 c2
Event: 3.087 Thread 0x000001b6a999e760 DEOPT PACKING pc=0x000001b6b8d2d118 sp=0x0000006f6b6fe820
Event: 3.087 Thread 0x000001b6a999e760 DEOPT UNPACKING pc=0x000001b6b1245c23 sp=0x0000006f6b6fe7b8 mode 2
Event: 3.096 Thread 0x000001b6a999e760 Uncommon trap: trap_request=0xffffff45 fr.pc=0x000001b6b8d1749c relative=0x00000000000002dc
Event: 3.096 Thread 0x000001b6a999e760 Uncommon trap: reason=unstable_if action=reinterpret pc=0x000001b6b8d1749c method=com.google.gson.stream.JsonReader.peekNumber()I @ 81 c2
Event: 3.096 Thread 0x000001b6a999e760 DEOPT PACKING pc=0x000001b6b8d1749c sp=0x0000006f6b6fe500
Event: 3.096 Thread 0x000001b6a999e760 DEOPT UNPACKING pc=0x000001b6b1245c23 sp=0x0000006f6b6fe458 mode 2
Event: 3.097 Thread 0x000001b6a999e760 Uncommon trap: trap_request=0xffffff45 fr.pc=0x000001b6b8d244dc relative=0x0000000000000bfc
Event: 3.097 Thread 0x000001b6a999e760 Uncommon trap: reason=unstable_if action=reinterpret pc=0x000001b6b8d244dc method=java.lang.Long.getChars(JI[B)I @ 6 c2
Event: 3.097 Thread 0x000001b6a999e760 DEOPT PACKING pc=0x000001b6b8d244dc sp=0x0000006f6b6fe6a0
Event: 3.097 Thread 0x000001b6a999e760 DEOPT UNPACKING pc=0x000001b6b1245c23 sp=0x0000006f6b6fe558 mode 2
Event: 3.098 Thread 0x000001b6a999e760 Uncommon trap: trap_request=0xffffff45 fr.pc=0x000001b6b8d1b10c relative=0x000000000000070c
Event: 3.098 Thread 0x000001b6a999e760 Uncommon trap: reason=unstable_if action=reinterpret pc=0x000001b6b8d1b10c method=jdk.internal.math.FloatingDecimal.readJavaFormatString(Ljava/lang/String;)Ljdk/internal/math/FloatingDecimal$ASCIIToBinaryConverter; @ 327 c2
Event: 3.098 Thread 0x000001b6a999e760 DEOPT PACKING pc=0x000001b6b8d1b10c sp=0x0000006f6b6fe1b0
Event: 3.098 Thread 0x000001b6a999e760 DEOPT UNPACKING pc=0x000001b6b1245c23 sp=0x0000006f6b6fe0d8 mode 2

Classes unloaded (0 events):
No events

Classes redefined (0 events):
No events

Internal exceptions (20 events):
Event: 0.294 Thread 0x000001b6a999e760 Exception <a 'java/lang/NoSuchMethodError'{0x000000008c5e3710}: 'java.lang.Object java.lang.invoke.DirectMethodHandle$Holder.newInvokeSpecial(java.lang.Object, java.lang.Object, long)'> (0x000000008c5e3710) 
thrown [t:\workspace\open\src\hotspot\share\interpreter\linkResolver.cpp, line 766]
Event: 0.294 Thread 0x000001b6a999e760 Exception <a 'java/lang/NoSuchMethodError'{0x000000008c5e7758}: 'java.lang.Object java.lang.invoke.Invokers$Holder.linkToTargetMethod(java.lang.Object, long, java.lang.Object)'> (0x000000008c5e7758) 
thrown [t:\workspace\open\src\hotspot\share\interpreter\linkResolver.cpp, line 766]
Event: 0.295 Thread 0x000001b6a999e760 Exception <a 'java/lang/NoSuchMethodError'{0x000000008c5ef320}: 'int java.lang.invoke.DirectMethodHandle$Holder.invokeStaticInit(java.lang.Object, java.lang.Object, java.lang.Object, long)'> (0x000000008c5ef320) 
thrown [t:\workspace\open\src\hotspot\share\interpreter\linkResolver.cpp, line 766]
Event: 0.309 Thread 0x000001b6a999e760 Exception <a 'sun/nio/fs/WindowsException'{0x000000008c4b8018}> (0x000000008c4b8018) 
thrown [t:\workspace\open\src\hotspot\share\prims\jni.cpp, line 516]
Event: 0.309 Thread 0x000001b6a999e760 Exception <a 'sun/nio/fs/WindowsException'{0x000000008c4b83a8}> (0x000000008c4b83a8) 
thrown [t:\workspace\open\src\hotspot\share\prims\jni.cpp, line 516]
Event: 0.385 Thread 0x000001b6a999e760 Exception <a 'java/lang/NoSuchMethodError'{0x000000008c331ed0}: 'void java.lang.invoke.DirectMethodHandle$Holder.invokeStaticInit(java.lang.Object, long, double, double)'> (0x000000008c331ed0) 
thrown [t:\workspace\open\src\hotspot\share\interpreter\linkResolver.cpp, line 766]
Event: 0.386 Thread 0x000001b6a999e760 Exception <a 'java/lang/NoSuchMethodError'{0x000000008c341fe0}: 'void java.lang.invoke.DirectMethodHandle$Holder.invokeStaticInit(java.lang.Object, long, int, int, int)'> (0x000000008c341fe0) 
thrown [t:\workspace\open\src\hotspot\share\interpreter\linkResolver.cpp, line 766]
Event: 0.389 Thread 0x000001b6a999e760 Exception <a 'java/lang/NoSuchMethodError'{0x000000008c35c3e8}: 'void java.lang.invoke.DirectMethodHandle$Holder.invokeStaticInit(java.lang.Object, long, int, int, int, int)'> (0x000000008c35c3e8) 
thrown [t:\workspace\open\src\hotspot\share\interpreter\linkResolver.cpp, line 766]
Event: 0.391 Thread 0x000001b6a999e760 Exception <a 'java/lang/NoSuchMethodError'{0x000000008c368d20}: 'void java.lang.invoke.DirectMethodHandle$Holder.invokeStatic(java.lang.Object, long, int, int)'> (0x000000008c368d20) 
thrown [t:\workspace\open\src\hotspot\share\interpreter\linkResolver.cpp, line 766]
Event: 0.419 Thread 0x000001b6a999e760 Exception <a 'sun/nio/fs/WindowsException'{0x000000008c39ec80}> (0x000000008c39ec80) 
thrown [t:\workspace\open\src\hotspot\share\prims\jni.cpp, line 516]
Event: 0.419 Thread 0x000001b6a999e760 Exception <a 'sun/nio/fs/WindowsException'{0x000000008c39f030}> (0x000000008c39f030) 
thrown [t:\workspace\open\src\hotspot\share\prims\jni.cpp, line 516]
Event: 0.677 Thread 0x000001b6a999e760 Exception <a 'java/lang/NoSuchMethodError'{0x000000008c3db3c8}: 'java.lang.Object java.lang.invoke.DirectMethodHandle$Holder.newInvokeSpecial(java.lang.Object, long)'> (0x000000008c3db3c8) 
thrown [t:\workspace\open\src\hotspot\share\interpreter\linkResolver.cpp, line 766]
Event: 0.688 Thread 0x000001b6a999e760 Exception <a 'sun/nio/fs/WindowsException'{0x000000008c22dd30}> (0x000000008c22dd30) 
thrown [t:\workspace\open\src\hotspot\share\prims\jni.cpp, line 516]
Event: 0.688 Thread 0x000001b6a999e760 Exception <a 'sun/nio/fs/WindowsException'{0x000000008c22e108}> (0x000000008c22e108) 
thrown [t:\workspace\open\src\hotspot\share\prims\jni.cpp, line 516]
Event: 0.693 Thread 0x000001b6a999e760 Exception <a 'sun/nio/fs/WindowsException'{0x000000008c239d58}> (0x000000008c239d58) 
thrown [t:\workspace\open\src\hotspot\share\prims\jni.cpp, line 516]
Event: 0.693 Thread 0x000001b6a999e760 Exception <a 'sun/nio/fs/WindowsException'{0x000000008c23a068}> (0x000000008c23a068) 
thrown [t:\workspace\open\src\hotspot\share\prims\jni.cpp, line 516]
Event: 0.764 Thread 0x000001b6a999e760 Exception <a 'sun/nio/fs/WindowsException'{0x000000008bf681d8}> (0x000000008bf681d8) 
thrown [t:\workspace\open\src\hotspot\share\prims\jni.cpp, line 516]
Event: 0.800 Thread 0x000001b6a999e760 Exception <a 'java/lang/NoSuchMethodError'{0x000000008bfe1338}: 'void java.lang.invoke.DirectMethodHandle$Holder.invokeVirtual(java.lang.Object, java.lang.Object, long, int)'> (0x000000008bfe1338) 
thrown [t:\workspace\open\src\hotspot\share\interpreter\linkResolver.cpp, line 766]
Event: 0.997 Thread 0x000001b6a999e760 Exception <a 'sun/nio/fs/WindowsException'{0x000000008c4a64f8}> (0x000000008c4a64f8) 
thrown [t:\workspace\open\src\hotspot\share\prims\jni.cpp, line 516]
Event: 0.997 Thread 0x000001b6a999e760 Exception <a 'sun/nio/fs/WindowsException'{0x000000008c4a68a8}> (0x000000008c4a68a8) 
thrown [t:\workspace\open\src\hotspot\share\prims\jni.cpp, line 516]

VM Operations (20 events):
Event: 0.054 Executing VM operation: HandshakeAllThreads
Event: 0.054 Executing VM operation: HandshakeAllThreads done
Event: 0.240 Executing VM operation: HandshakeAllThreads
Event: 0.240 Executing VM operation: HandshakeAllThreads done
Event: 0.262 Executing VM operation: HandshakeAllThreads
Event: 0.262 Executing VM operation: HandshakeAllThreads done
Event: 0.889 Executing VM operation: ICBufferFull
Event: 0.889 Executing VM operation: ICBufferFull done
Event: 0.920 Executing VM operation: HandshakeAllThreads
Event: 0.920 Executing VM operation: HandshakeAllThreads done
Event: 0.948 Executing VM operation: G1CollectForAllocation
Event: 0.953 Executing VM operation: G1CollectForAllocation done
Event: 1.968 Executing VM operation: Cleanup
Event: 1.969 Executing VM operation: Cleanup done
Event: 2.978 Executing VM operation: Cleanup
Event: 2.979 Executing VM operation: Cleanup done
Event: 3.086 Executing VM operation: ICBufferFull
Event: 3.086 Executing VM operation: ICBufferFull done
Event: 3.114 Executing VM operation: G1CollectForAllocation
Event: 3.122 Executing VM operation: G1CollectForAllocation done

Events (20 events):
Event: 1.376 loading class java/util/ComparableTimSort
Event: 1.376 loading class java/util/ComparableTimSort done
Event: 1.406 loading class sun/util/resources/LocaleData$CommonResourceBundleProvider
Event: 1.406 loading class sun/util/resources/LocaleData$LocaleDataResourceBundleProvider
Event: 1.406 loading class java/util/spi/ResourceBundleProvider
Event: 1.406 loading class java/util/spi/ResourceBundleProvider done
Event: 1.406 loading class sun/util/resources/LocaleData$LocaleDataResourceBundleProvider done
Event: 1.406 loading class sun/util/resources/LocaleData$CommonResourceBundleProvider done
Event: 1.406 loading class sun/util/resources/Bundles$2
Event: 1.406 loading class sun/util/resources/Bundles$2 done
Event: 1.945 Thread 0x000001b6d08a4750 Thread added: 0x000001b6d08a4750
Event: 2.581 Thread 0x000001b6d08a4750 Thread exited: 0x000001b6d08a4750
Event: 2.996 loading class java/io/FileWriter
Event: 2.997 loading class java/io/FileWriter done
Event: 3.003 loading class jdk/internal/math/FDBigInteger
Event: 3.004 loading class jdk/internal/math/FDBigInteger done
Event: 3.014 Thread 0x000001b6e3ae92e0 Thread added: 0x000001b6e3ae92e0
Event: 3.029 Thread 0x000001b6e3ae9d80 Thread added: 0x000001b6e3ae9d80
Event: 3.081 loading class java/io/FileOutputStream$1
Event: 3.081 loading class java/io/FileOutputStream$1 done


Dynamic libraries:
0x00007ff7c36b0000 - 0x00007ff7c36c0000 	C:\Program Files\Java\jdk-17.0.2\bin\java.exe
0x00007ffe86950000 - 0x00007ffe86b67000 	C:\WINDOWS\SYSTEM32\ntdll.dll
0x00007ffe855a0000 - 0x00007ffe85664000 	C:\WINDOWS\System32\KERNEL32.DLL
0x00007ffe83d90000 - 0x00007ffe84136000 	C:\WINDOWS\System32\KERNELBASE.dll
0x00007ffe842b0000 - 0x00007ffe843c1000 	C:\WINDOWS\System32\ucrtbase.dll
0x00007ffe7b920000 - 0x00007ffe7b93a000 	C:\Program Files\Java\jdk-17.0.2\bin\VCRUNTIME140.dll
0x00007ffe7c9d0000 - 0x00007ffe7c9e8000 	C:\Program Files\Java\jdk-17.0.2\bin\jli.dll
0x00007ffe865f0000 - 0x00007ffe866a0000 	C:\WINDOWS\System32\ADVAPI32.dll
0x00007ffe858d0000 - 0x00007ffe85977000 	C:\WINDOWS\System32\msvcrt.dll
0x00007ffe84f60000 - 0x00007ffe85006000 	C:\WINDOWS\System32\sechost.dll
0x00007ffe85430000 - 0x00007ffe85547000 	C:\WINDOWS\System32\RPCRT4.dll
0x00007ffe85ea0000 - 0x00007ffe8604d000 	C:\WINDOWS\System32\USER32.dll
0x00007ffe84560000 - 0x00007ffe84586000 	C:\WINDOWS\System32\win32u.dll
0x00007ffe580c0000 - 0x00007ffe58353000 	C:\WINDOWS\WinSxS\amd64_microsoft.windows.common-controls_6595b64144ccf1df_6.0.22621.2361_none_2712ced57382f843\COMCTL32.dll
0x00007ffe84f10000 - 0x00007ffe84f39000 	C:\WINDOWS\System32\GDI32.dll
0x00007ffe843d0000 - 0x00007ffe844e8000 	C:\WINDOWS\System32\gdi32full.dll
0x00007ffe84590000 - 0x00007ffe8462a000 	C:\WINDOWS\System32\msvcp_win.dll
0x00007ffe793c0000 - 0x00007ffe793ca000 	C:\WINDOWS\SYSTEM32\VERSION.dll
0x00007ffe86540000 - 0x00007ffe86571000 	C:\WINDOWS\System32\IMM32.DLL
0x00007ffe7c9c0000 - 0x00007ffe7c9cc000 	C:\Program Files\Java\jdk-17.0.2\bin\vcruntime140_1.dll
0x00007ffe7b890000 - 0x00007ffe7b91d000 	C:\Program Files\Java\jdk-17.0.2\bin\msvcp140.dll
0x00007ffe03710000 - 0x00007ffe042d1000 	C:\Program Files\Java\jdk-17.0.2\bin\server\jvm.dll
0x00007ffe84f50000 - 0x00007ffe84f58000 	C:\WINDOWS\System32\PSAPI.DLL
0x00007ffe71430000 - 0x00007ffe71439000 	C:\WINDOWS\SYSTEM32\WSOCK32.dll
0x00007ffe7b2b0000 - 0x00007ffe7b2e4000 	C:\WINDOWS\SYSTEM32\WINMM.dll
0x00007ffe85980000 - 0x00007ffe859f1000 	C:\WINDOWS\System32\WS2_32.dll
0x00007ffe82da0000 - 0x00007ffe82db8000 	C:\WINDOWS\SYSTEM32\kernel.appcore.dll
0x00007ffe715f0000 - 0x00007ffe715fa000 	C:\Program Files\Java\jdk-17.0.2\bin\jimage.dll
0x00007ffe817c0000 - 0x00007ffe819ee000 	C:\WINDOWS\SYSTEM32\DBGHELP.DLL
0x00007ffe85a00000 - 0x00007ffe85d8a000 	C:\WINDOWS\System32\combase.dll
0x00007ffe85670000 - 0x00007ffe85747000 	C:\WINDOWS\System32\OLEAUT32.dll
0x00007ffe72390000 - 0x00007ffe723c2000 	C:\WINDOWS\SYSTEM32\dbgcore.DLL
0x00007ffe84630000 - 0x00007ffe846aa000 	C:\WINDOWS\System32\bcryptPrimitives.dll
0x00007ffe715c0000 - 0x00007ffe715e5000 	C:\Program Files\Java\jdk-17.0.2\bin\java.dll
0x00007ffe55af0000 - 0x00007ffe55bc6000 	C:\Program Files\Java\jdk-17.0.2\bin\jsvml.dll
0x00007ffe846b0000 - 0x00007ffe84f08000 	C:\WINDOWS\System32\SHELL32.dll
0x00007ffe81c40000 - 0x00007ffe82532000 	C:\WINDOWS\SYSTEM32\windows.storage.dll
0x00007ffe81b00000 - 0x00007ffe81c3e000 	C:\WINDOWS\SYSTEM32\wintypes.dll
0x00007ffe85010000 - 0x00007ffe85103000 	C:\WINDOWS\System32\SHCORE.dll
0x00007ffe864e0000 - 0x00007ffe8653e000 	C:\WINDOWS\System32\shlwapi.dll
0x00007ffe83c00000 - 0x00007ffe83c26000 	C:\WINDOWS\SYSTEM32\profapi.dll
0x00007ffe715a0000 - 0x00007ffe715b9000 	C:\Program Files\Java\jdk-17.0.2\bin\net.dll
0x00007ffe7caa0000 - 0x00007ffe7cbd7000 	C:\WINDOWS\SYSTEM32\WINHTTP.dll
0x00007ffe83280000 - 0x00007ffe832e9000 	C:\WINDOWS\system32\mswsock.dll
0x00007ffe71580000 - 0x00007ffe71596000 	C:\Program Files\Java\jdk-17.0.2\bin\nio.dll
0x00007ffe6a970000 - 0x00007ffe6a988000 	C:\Program Files\Java\jdk-17.0.2\bin\zip.dll
0x00007ffe796b0000 - 0x00007ffe7972a000 	C:\Users\HP probook\AppData\Local\Temp\lwjgl_HP probook\3.3.2+13\x64\lwjgl.dll
0x00007ffe70ee0000 - 0x00007ffe70f62000 	C:\Users\HPPROB~1\AppData\Local\Temp\lwjgl_HP probook\3.3.2+13\x64\glfw.dll
0x00007ffe72bd0000 - 0x00007ffe72c16000 	C:\WINDOWS\SYSTEM32\dinput8.dll
0x00007ffe79690000 - 0x00007ffe796a1000 	C:\WINDOWS\SYSTEM32\xinput1_4.dll
0x00007ffe839c0000 - 0x00007ffe83a0e000 	C:\WINDOWS\SYSTEM32\cfgmgr32.dll
0x00007ffe83990000 - 0x00007ffe839bc000 	C:\WINDOWS\SYSTEM32\DEVOBJ.dll
0x00007ffe81090000 - 0x00007ffe810bb000 	C:\WINDOWS\SYSTEM32\dwmapi.dll
0x00007ffe657b0000 - 0x00007ffe659ba000 	C:\WINDOWS\SYSTEM32\inputhost.dll
0x00007ffe7b170000 - 0x00007ffe7b2a3000 	C:\WINDOWS\SYSTEM32\CoreMessaging.dll
0x00007ffe80c80000 - 0x00007ffe80d2b000 	C:\WINDOWS\system32\uxtheme.dll
0x00007ffe852b0000 - 0x00007ffe853fc000 	C:\WINDOWS\System32\MSCTF.dll
0x00007ffe834d0000 - 0x00007ffe834dc000 	C:\WINDOWS\SYSTEM32\CRYPTBASE.DLL
0x00007ffe38bc0000 - 0x00007ffe38cc0000 	C:\WINDOWS\SYSTEM32\opengl32.dll
0x00007ffe38b50000 - 0x00007ffe38b7d000 	C:\WINDOWS\SYSTEM32\GLU32.dll
0x00007ffe80d60000 - 0x00007ffe80d96000 	C:\WINDOWS\SYSTEM32\dxcore.dll
0x00007ffe6bd30000 - 0x00007ffe6bd7a000 	C:\WINDOWS\SYSTEM32\directxdatabasehelper.dll
0x00007ffe85d90000 - 0x00007ffe85e40000 	C:\WINDOWS\System32\clbcatq.dll
0x00007ffe25b30000 - 0x00007ffe26c5d000 	C:\WINDOWS\System32\DriverStore\FileRepository\iigd_dch.inf_amd64_4e5f9bad61904905\igxelpicd64.dll
0x00007ffe85110000 - 0x00007ffe852af000 	C:\WINDOWS\System32\ole32.dll
0x00007ffe80da0000 - 0x00007ffe80e98000 	C:\WINDOWS\system32\dxgi.dll
0x00007ffe45b80000 - 0x00007ffe45cd2000 	C:\WINDOWS\System32\DriverStore\FileRepository\iigd_dch.inf_amd64_4e5f9bad61904905\igdml64.dll
0x00007ffe66b80000 - 0x00007ffe66fbb000 	C:\WINDOWS\System32\DriverStore\FileRepository\iigd_dch.inf_amd64_4e5f9bad61904905\igdgmm64.dll
0x00007ffe5ec40000 - 0x00007ffe62b0b000 	C:\WINDOWS\System32\DriverStore\FileRepository\iigd_dch.inf_amd64_4e5f9bad61904905\igc64.dll
0x00007ffe82b60000 - 0x00007ffe82bad000 	C:\WINDOWS\SYSTEM32\powrprof.dll
0x00007ffe82b40000 - 0x00007ffe82b53000 	C:\WINDOWS\SYSTEM32\UMPDC.dll
0x00007ffe65660000 - 0x00007ffe657aa000 	C:\WINDOWS\SYSTEM32\textinputframework.dll
0x00007ffe6b570000 - 0x00007ffe6b8dc000 	C:\WINDOWS\SYSTEM32\CoreUIComponents.dll
0x00007ffe455f0000 - 0x00007ffe457b5000 	C:\Users\HPPROB~1\AppData\Local\Temp\lwjgl_HP probook\3.3.2+13\x64\OpenAL.dll
0x00007ffe719d0000 - 0x00007ffe71a6d000 	C:\WINDOWS\System32\MMDevApi.dll
0x00007ffe518e0000 - 0x00007ffe51acc000 	C:\WINDOWS\SYSTEM32\AUDIOSES.DLL
0x00007ffe81110000 - 0x00007ffe81125000 	C:\WINDOWS\SYSTEM32\resourcepolicyclient.dll
0x00007ffe6ee00000 - 0x00007ffe6ee5e000 	C:\Users\HP probook\AppData\Local\Temp\lwjgl_HP probook\3.3.2+13\x64\lwjgl_opengl.dll
0x0000000064a00000 - 0x0000000064d10000 	C:\Users\HP probook\AppData\Local\Temp\imgui-java-natives_1697078942907\imgui-java64.dll
0x00007ffe834e0000 - 0x00007ffe834fb000 	C:\WINDOWS\SYSTEM32\CRYPTSP.dll
0x00007ffe82d60000 - 0x00007ffe82d95000 	C:\WINDOWS\system32\rsaenh.dll
0x00007ffe676f0000 - 0x00007ffe67700000 	C:\Program Files\Java\jdk-17.0.2\bin\verify.dll
0x00007ffe6e9a0000 - 0x00007ffe6ea22000 	C:\Users\HP probook\AppData\Local\Temp\lwjgl_HP probook\3.3.2+13\x64\lwjgl_stb.dll

dbghelp: loaded successfully - version: 4.0.5 - missing functions: none
symbol engine: initialized successfully - sym options: 0x614 - pdb path: .;C:\Program Files\Java\jdk-17.0.2\bin;C:\WINDOWS\SYSTEM32;C:\WINDOWS\WinSxS\amd64_microsoft.windows.common-controls_6595b64144ccf1df_6.0.22621.2361_none_2712ced57382f843;C:\Program Files\Java\jdk-17.0.2\bin\server;C:\Users\HP probook\AppData\Local\Temp\lwjgl_HP probook\3.3.2+13\x64;C:\Users\HPPROB~1\AppData\Local\Temp\lwjgl_HP probook\3.3.2+13\x64;C:\WINDOWS\System32\DriverStore\FileRepository\iigd_dch.inf_amd64_4e5f9bad61904905;C:\Users\HP probook\AppData\Local\Temp\imgui-java-natives_1697078942907

VM Arguments:
jvm_args: -Dfile.encoding=UTF-8 -Duser.country=VN -Duser.language=vi -Duser.variant 
java_command: org.example.Main
java_class_path (initial): C:\Mario\untitled\build\classes\java\main;C:\Mario\untitled\build\resources\main;C:\Mario\untitled\libs\jbox2d-library.jar;C:\Users\HP probook\.gradle\caches\modules-2\files-2.1\com.google.code.gson\gson\2.8.6\9180733b7df8542621dc12e21e87557e8c99b8cb\gson-2.8.6.jar;C:\Users\HP probook\.gradle\caches\modules-2\files-2.1\io.github.spair\imgui-java-app\1.81.0\37a0be053a63da53c3628b3d6186ccbd380f7106\imgui-java-app-1.81.0.jar;C:\Users\HP probook\.gradle\caches\modules-2\files-2.1\io.github.spair\imgui-java-lwjgl3\1.81.0\6c92680fc6e9951532445ecc35b44f2d4cd82d76\imgui-java-lwjgl3-1.81.0.jar;C:\Users\HP probook\.gradle\caches\modules-2\files-2.1\org.lwjgl\lwjgl-assimp\3.3.2\e5238c13abef6b0fd6e1b4320d3c8cd0c10bfe61\lwjgl-assimp-3.3.2.jar;C:\Users\HP probook\.gradle\caches\modules-2\files-2.1\org.lwjgl\lwjgl-assimp\3.3.2\54edbc8767bde24b73187c229dbd552228230c8a\lwjgl-assimp-3.3.2-natives-windows.jar;C:\Users\HP probook\.gradle\caches\modules-2\files-2.1\org.lwjgl\lwjgl-glfw\3.3.2\757920418805fb90bfebb3d46b1d9e7669fca2eb\lwjgl-glfw-3.3.2.jar;C:\Users\HP probook\.gradle\caches\modules-2\files-2.1\org.lwjgl\lwjgl-glfw\3.3.2\1251e3cb7e5d6159334cfb9244f789ce992f03b\lwjgl-glfw-3.3.2-natives-windows.jar;C:\Users\HP probook\.gradle\caches\modules-2\files-2.1\org.lwjgl\lwjgl-glfw\3.3.2\766bb0e8e829598b1c8052fd8173c62af741c52\lwjgl-glfw-3.3.2-natives-linux.jar;C:\Users\HP probook\.gradle\caches\modules-2\files-2.1\org.lwjgl\lwjgl-glfw\3.3.2\8223ba1b757c43624f03b09ab9d9228c7f6db001\lwjgl-glfw-3.3.2-natives-macos.jar;C:\Users\HP probook\.gradle\caches\modules-2\files-2.1\org.lwjgl\lwjgl-openal\3.3.2\ae5357ed6d934546d3533993ea84c0cfb75eed95\lwjgl-openal-3.3.2.jar;C:\Users\HP probook\.gradle\caches\modules-2\files-2.1\org.lwjgl\lwjgl-openal\3.3.2\e74f299a602192faaf14b917632e4cbbb493c940\lwjgl-openal-3.3.2-natives-windows.jar;C:\Users\HP probook\.gradle\caches\modules-2\files-2.1\org.lwjgl\lwjgl-opengl\3.3.2\ee8e95be0b438602038bc1f02dc5e3d011b1b216\lwjgl-opengl
Launcher Type: SUN_STANDARD

[Global flags]
     intx CICompilerCount                          = 4                                         {product} {ergonomic}
     uint ConcGCThreads                            = 2                                         {product} {ergonomic}
     uint G1ConcRefinementThreads                  = 8                                         {product} {ergonomic}
   size_t G1HeapRegionSize                         = 1048576                                   {product} {ergonomic}
    uintx GCDrainStackTargetSize                   = 64                                        {product} {ergonomic}
   size_t InitialHeapSize                          = 130023424                                 {product} {ergonomic}
   size_t MarkStackSize                            = 4194304                                   {product} {ergonomic}
   size_t MaxHeapSize                              = 2065694720                                {product} {ergonomic}
   size_t MaxNewSize                               = 1239416832                                {product} {ergonomic}
   size_t MinHeapDeltaBytes                        = 1048576                                   {product} {ergonomic}
   size_t MinHeapSize                              = 8388608                                   {product} {ergonomic}
    uintx NonNMethodCodeHeapSize                   = 5839372                                {pd product} {ergonomic}
    uintx NonProfiledCodeHeapSize                  = 122909434                              {pd product} {ergonomic}
    uintx ProfiledCodeHeapSize                     = 122909434                              {pd product} {ergonomic}
    uintx ReservedCodeCacheSize                    = 251658240                              {pd product} {ergonomic}
     bool SegmentedCodeCache                       = true                                      {product} {ergonomic}
   size_t SoftMaxHeapSize                          = 2065694720                             {manageable} {ergonomic}
     bool UseCompressedClassPointers               = true                           {product lp64_product} {ergonomic}
     bool UseCompressedOops                        = true                           {product lp64_product} {ergonomic}
     bool UseG1GC                                  = true                                      {product} {ergonomic}
     bool UseLargePagesIndividualAllocation        = false                                  {pd product} {ergonomic}

Logging:
Log output configuration:
 #0: stdout all=warning uptime,level,tags
 #1: stderr all=off uptime,level,tags

Environment Variables:
PATH=C:\Program Files\Common Files\Oracle\Java\javapath;C:\WINDOWS\system32;C:\WINDOWS;C:\WINDOWS\System32\Wbem;C:\WINDOWS\System32\WindowsPowerShell\v1.0\;C:\WINDOWS\System32\OpenSSH\;C:\Program Files (x86)\NVIDIA Corporation\PhysX\Common;C:\Program Files\Microsoft SQL Server\Client SDK\ODBC\170\Tools\Binn\;C:\Program Files\Git\cmd;C:\Program Files (x86)\Microsoft SQL Server\160\DTS\Binn\;C:\Program Files\Azure Data Studio\bin;C:\WINDOWS\system32;C:\WINDOWS;C:\WINDOWS\System32\Wbem;C:\WINDOWS\System32\WindowsPowerShell\v1.0\;C:\WINDOWS\System32\OpenSSH\;C:\Program Files (x86)\Microsoft SQL Server\160\Tools\Binn\;C:\Program Files\Microsoft SQL Server\160\Tools\Binn\;C:\Program Files\Microsoft SQL Server\160\DTS\Binn\;C:\Program Files\nodejs\;C:\Program Files\PowerShell\7\;C:\Users\HP probook\AppData\Local\Microsoft\WindowsApps;C:\Program Files\Azure Data Studio\bin;C:\Users\HP probook\AppData\Local\Programs\Microsoft VS Code\bin;C:\Program Files\JetBrains\IntelliJ IDEA Community Edition 2022.1\bin;;C:\Users\HP probook\AppData\Roaming\npm
USERNAME=HP probook
OS=Windows_NT
PROCESSOR_IDENTIFIER=Intel64 Family 6 Model 140 Stepping 1, GenuineIntel



---------------  S Y S T E M  ---------------

OS:
 Windows 11 , 64 bit Build 22621 (10.0.22621.2428)
OS uptime: 0 days 1:22 hours

CPU: total 8 (initial active 8) (4 cores per cpu, 2 threads per core) family 6 model 140 stepping 1 microcode 0xac, cx8, cmov, fxsr, ht, mmx, 3dnowpref, sse, sse2, sse3, ssse3, sse4.1, sse4.2, popcnt, lzcnt, tsc, tscinvbit, avx, avx2, aes, erms, clmul, bmi1, bmi2, adx, avx512f, avx512dq, avx512cd, avx512bw, avx512vl, sha, fma, vzeroupper, avx512_vpopcntdq, avx512_vpclmulqdq, avx512_vaes, avx512_vnni, clflush, clflushopt, clwb, avx512_vbmi2, avx512_vbmi

Memory: 4k page, system-wide physical 7872M (865M free)
TotalPageFile size 16576M (AvailPageFile size 3929M)
current process WorkingSet (physical memory assigned to process): 518M, peak: 520M
current process commit charge ("private bytes"): 547M, peak: 553M

vm_info: Java HotSpot(TM) 64-Bit Server VM (17.0.2+8-LTS-86) for windows-amd64 JRE (17.0.2+8-LTS-86), built on Dec  7 2021 21:51:03 by "mach5one" with MS VC++ 16.8 / 16.9 (VS2019)

END.
